[13:59:48] [ServerMain/WARN]: resource-pack-id missing, using default of d3c122e3-a7cd-32f0-b346-f9d8901a23ad
[13:59:48] [ServerMain/INFO]: Environment: Environment[sessionHost=https://sessionserver.mojang.com, servicesHost=https://api.minecraftservices.com, name=PROD]
[13:59:51] [ServerMain/INFO]: Loaded 1175 recipes
[13:59:51] [Server thread/INFO]: Starting minecraft server version 1.20.6
[13:59:51] [Server thread/INFO]: Loading properties
[13:59:52] [Server thread/INFO]: This server is running CraftBukkit version 4195-a-Spigot-f6a4805-cebb58e (MC: 1.20.6) (Implementing API version 1.20.6-R0.1-SNAPSHOT)
[13:59:52] [Server thread/INFO]: Debug logging is disabled
[13:59:52] [Server thread/INFO]: Using 4 threads for Netty based IO
[13:59:52] [Server thread/INFO]: Server Ping Player Sample Count: 12
[13:59:52] [Server thread/INFO]: Default game type: SURVIVAL
[13:59:52] [Server thread/INFO]: Generating keypair
[13:59:53] [Server thread/INFO]: Starting Minecraft server on *:25565
[13:59:53] [Server thread/INFO]: Using default channel type
[13:59:54] [Server thread/INFO]: [LavaYukseliyor] Loading LavaYukseliyor v1.0
[13:59:54] [Server thread/INFO]: [Hub] Loading Hub v1.0-SNAPSHOT
[13:59:54] [Server thread/INFO]: [WorldEdit] Loading WorldEdit v7.3.5+6880-8ba3d89
[13:59:55] [Server thread/INFO]: Got request to register class com.sk89q.worldedit.bukkit.BukkitServerInterface with WorldEdit [com.sk89q.worldedit.extension.platform.PlatformManager@3df6ef14]
[13:59:55] [Server thread/INFO]: [ViaVersion] Loading ViaVersion v5.0.2
[13:59:55] [Server thread/INFO]: [ViaVersion] ViaVersion 5.0.2 is now loaded. Registering protocol transformers and injecting...
[13:59:56] [Via-Mappingloader-0/INFO]: [ViaVersion] Loading block connection mappings ...
[13:59:57] [Via-Mappingloader-0/INFO]: [ViaVersion] Using FastUtil Long2ObjectOpenHashMap for block connections
[13:59:57] [Server thread/INFO]: [PlaceholderAPI] Loading PlaceholderAPI v2.11.6
[13:59:57] [Server thread/INFO]: [WorldGuard] Loading WorldGuard v7.0.10+d9424b1
[13:59:57] [Server thread/INFO]: [LuckPerms] Loading LuckPerms v5.4.137
[13:59:57] [Server thread/INFO]: [Citizens] Loading Citizens v2.0.35-SNAPSHOT (build 3493)
[13:59:57] [Server thread/INFO]: [SkinsRestorer] Loading SkinsRestorer v15.4.0
[13:59:57] [Server thread/INFO]: [TAB] Loading TAB v4.1.6
[13:59:57] [Server thread/INFO]: [SimpleScore] Loading SimpleScore v3.12.5
[13:59:57] [Server thread/INFO]: [LPC] Loading LPC v3.6.0
[13:59:57] [Server thread/INFO]: [WorldEdit] Enabling WorldEdit v7.3.5+6880-8ba3d89
[13:59:57] [Server thread/INFO]: Registering commands with com.sk89q.worldedit.bukkit.BukkitServerInterface
[13:59:58] [Server thread/INFO]: WEPIF: Using the Bukkit Permissions API.
[13:59:58] [Server thread/INFO]: Using com.sk89q.worldedit.bukkit.adapter.impl.v1_20_R4.PaperweightAdapter as the Bukkit adapter
[14:00:00] [Server thread/INFO]: [WorldEdit] ====================================================
[14:00:00] [Server thread/INFO]: [WorldEdit]  WorldEdit works better if you use Paper 
[14:00:00] [Server thread/INFO]: [WorldEdit]  as your server software. 
[14:00:00] [Server thread/INFO]: [WorldEdit]   
[14:00:00] [Server thread/INFO]: [WorldEdit]  Paper offers significant performance improvements,
[14:00:00] [Server thread/INFO]: [WorldEdit]  bug fixes, security enhancements and optional
[14:00:00] [Server thread/INFO]: [WorldEdit]  features for server owners to enhance their server.
[14:00:00] [Server thread/INFO]: [WorldEdit]   
[14:00:00] [Server thread/INFO]: [WorldEdit]  Paper includes Timings v2, which is significantly
[14:00:00] [Server thread/INFO]: [WorldEdit]  better at diagnosing lag problems over v1.
[14:00:00] [Server thread/INFO]: [WorldEdit]   
[14:00:00] [Server thread/INFO]: [WorldEdit]  All of your plugins should still work, and the
[14:00:00] [Server thread/INFO]: [WorldEdit]  Paper community will gladly help you fix any issues.
[14:00:00] [Server thread/INFO]: [WorldEdit]   
[14:00:00] [Server thread/INFO]: [WorldEdit]  Join the Paper Community @ https://papermc.io
[14:00:00] [Server thread/INFO]: [WorldEdit] ====================================================
[14:00:00] [Server thread/INFO]: [LuckPerms] Enabling LuckPerms v5.4.137
[14:00:00] [Server thread/INFO]: [0;36;1m       [0;36;22m __    [m
[14:00:00] [Server thread/INFO]: [0;36;1m  |    [0;36;22m|__)   [0;32;22mLuckPerms[m [0;36;1mv5.4.137[m
[14:00:00] [Server thread/INFO]: [0;36;1m  |___ [0;36;22m|      [0;30;1mRunning on Bukkit - CraftBukkit[m
[14:00:00] [Server thread/INFO]: [m
[14:00:00] [Server thread/INFO]: [LuckPerms] Loading configuration...
[14:00:01] [Server thread/INFO]: [LuckPerms] Loading storage provider... [H2]
[14:00:01] [Server thread/INFO]: [LuckPerms] Loading internal permission managers...
[14:00:01] [Server thread/INFO]: [LuckPerms] Performing initial data load...
[14:00:01] [Server thread/INFO]: [LuckPerms] Successfully enabled. (took 1465ms)
[14:00:01] [Server thread/INFO]: [SkinsRestorer] Enabling SkinsRestorer v15.4.0
[14:00:02] [Server thread/INFO]: [33;1m[[32;22mSkinsRestorer[33;1m] [0;39m[32;1mRunning on Minecraft [33;1m1.20.6[32;1m.[0;39m[m
[14:00:03] [Server thread/INFO]: [PlaceholderAPI] Successfully registered ınternal expansion: skinsrestorer [15.4.0]
[14:00:03] [Server thread/INFO]: [33;1m[[32;22mSkinsRestorer[33;1m] [0;39mPlaceholderAPI expansion registered![0;39m[m
[14:00:03] [Server thread/WARN]: **** SERVER IS RUNNING IN OFFLINE/INSECURE MODE!
[14:00:03] [Server thread/WARN]: The server will make no attempt to authenticate usernames. Beware.
[14:00:03] [Server thread/WARN]: While this makes the game possible to play without internet access, it also opens up the ability for hackers to connect with any username they choose.
[14:00:03] [Server thread/WARN]: To change this, set "online-mode" to "true" in the server.properties file.
[14:00:03] [Server thread/INFO]: Preparing level "lobby"
[14:00:03] [Server thread/INFO]: -------- World Settings For [lobby] --------
[14:00:03] [Server thread/INFO]: Item Merge Radius: 2.5
[14:00:03] [Server thread/INFO]: Experience Merge Radius: 3.0
[14:00:03] [Server thread/INFO]: Hopper Transfer: 8 Hopper Check: 1 Hopper Amount: 1 Hopper Can Load Chunks: false
[14:00:03] [Server thread/INFO]: Allow Zombie Pigmen to spawn from portal blocks: true
[14:00:03] [Server thread/INFO]: Item Despawn Rate: 6000
[14:00:03] [Server thread/INFO]: Simulation Distance: 10
[14:00:03] [Server thread/INFO]: View Distance: 10
[14:00:03] [Server thread/INFO]: Entity Activation Range: An 32 / Mo 32 / Ra 48 / Mi 16 / Tiv true / Isa false
[14:00:03] [Server thread/INFO]: Arrow Despawn Rate: 1200 Trident Respawn Rate:1200
[14:00:03] [Server thread/INFO]: Zombie Aggressive Towards Villager: true
[14:00:03] [Server thread/INFO]: Nerfing mobs spawned from spawners: false
[14:00:03] [Server thread/INFO]: Entity Tracking Range: Pl 48 / An 48 / Mo 48 / Mi 32 / Di 128 / Other 64
[14:00:03] [Server thread/INFO]: Max TNT Explosions: 100
[14:00:03] [Server thread/INFO]: Tile Max Tick Time: 50ms Entity max Tick Time: 50ms
[14:00:03] [Server thread/INFO]: Custom Map Seeds:  Village: 10387312 Desert: 14357617 Igloo: 14357618 Jungle: 14357619 Swamp: 14357620 Monument: 10387313 Ocean: 14357621 Shipwreck: 165745295 End City: 10387313 Slime: 987234911 Nether: 30084232 Mansion: 10387319 Fossil: 14357921 Portal: 34222645
[14:00:03] [Server thread/INFO]: Cactus Growth Modifier: 100%
[14:00:03] [Server thread/INFO]: Cane Growth Modifier: 100%
[14:00:03] [Server thread/INFO]: Melon Growth Modifier: 100%
[14:00:03] [Server thread/INFO]: Mushroom Growth Modifier: 100%
[14:00:03] [Server thread/INFO]: Pumpkin Growth Modifier: 100%
[14:00:03] [Server thread/INFO]: Sapling Growth Modifier: 100%
[14:00:03] [Server thread/INFO]: Beetroot Growth Modifier: 100%
[14:00:03] [Server thread/INFO]: Carrot Growth Modifier: 100%
[14:00:03] [Server thread/INFO]: Potato Growth Modifier: 100%
[14:00:03] [Server thread/INFO]: Wheat Growth Modifier: 100%
[14:00:03] [Server thread/INFO]: NetherWart Growth Modifier: 100%
[14:00:03] [Server thread/INFO]: Vine Growth Modifier: 100%
[14:00:03] [Server thread/INFO]: Cocoa Growth Modifier: 100%
[14:00:03] [Server thread/INFO]: Bamboo Growth Modifier: 100%
[14:00:03] [Server thread/INFO]: SweetBerry Growth Modifier: 100%
[14:00:03] [Server thread/INFO]: Kelp Growth Modifier: 100%
[14:00:03] [Server thread/INFO]: TwistingVines Growth Modifier: 100%
[14:00:03] [Server thread/INFO]: WeepingVines Growth Modifier: 100%
[14:00:03] [Server thread/INFO]: CaveVines Growth Modifier: 100%
[14:00:03] [Server thread/INFO]: Mob Spawn Range: 6
[14:00:04] [Server thread/INFO]: -------- World Settings For [lobby_nether] --------
[14:00:04] [Server thread/INFO]: Item Merge Radius: 2.5
[14:00:04] [Server thread/INFO]: Experience Merge Radius: 3.0
[14:00:04] [Server thread/INFO]: Hopper Transfer: 8 Hopper Check: 1 Hopper Amount: 1 Hopper Can Load Chunks: false
[14:00:04] [Server thread/INFO]: Allow Zombie Pigmen to spawn from portal blocks: true
[14:00:04] [Server thread/INFO]: Item Despawn Rate: 6000
[14:00:04] [Server thread/INFO]: Simulation Distance: 10
[14:00:04] [Server thread/INFO]: View Distance: 10
[14:00:04] [Server thread/INFO]: Entity Activation Range: An 32 / Mo 32 / Ra 48 / Mi 16 / Tiv true / Isa false
[14:00:04] [Server thread/INFO]: Arrow Despawn Rate: 1200 Trident Respawn Rate:1200
[14:00:04] [Server thread/INFO]: Zombie Aggressive Towards Villager: true
[14:00:04] [Server thread/INFO]: Nerfing mobs spawned from spawners: false
[14:00:04] [Server thread/INFO]: Entity Tracking Range: Pl 48 / An 48 / Mo 48 / Mi 32 / Di 128 / Other 64
[14:00:04] [Server thread/INFO]: Max TNT Explosions: 100
[14:00:04] [Server thread/INFO]: Tile Max Tick Time: 50ms Entity max Tick Time: 50ms
[14:00:04] [Server thread/INFO]: Custom Map Seeds:  Village: 10387312 Desert: 14357617 Igloo: 14357618 Jungle: 14357619 Swamp: 14357620 Monument: 10387313 Ocean: 14357621 Shipwreck: 165745295 End City: 10387313 Slime: 987234911 Nether: 30084232 Mansion: 10387319 Fossil: 14357921 Portal: 34222645
[14:00:04] [Server thread/INFO]: Cactus Growth Modifier: 100%
[14:00:04] [Server thread/INFO]: Cane Growth Modifier: 100%
[14:00:04] [Server thread/INFO]: Melon Growth Modifier: 100%
[14:00:04] [Server thread/INFO]: Mushroom Growth Modifier: 100%
[14:00:04] [Server thread/INFO]: Pumpkin Growth Modifier: 100%
[14:00:04] [Server thread/INFO]: Sapling Growth Modifier: 100%
[14:00:04] [Server thread/INFO]: Beetroot Growth Modifier: 100%
[14:00:04] [Server thread/INFO]: Carrot Growth Modifier: 100%
[14:00:04] [Server thread/INFO]: Potato Growth Modifier: 100%
[14:00:04] [Server thread/INFO]: Wheat Growth Modifier: 100%
[14:00:04] [Server thread/INFO]: NetherWart Growth Modifier: 100%
[14:00:04] [Server thread/INFO]: Vine Growth Modifier: 100%
[14:00:04] [Server thread/INFO]: Cocoa Growth Modifier: 100%
[14:00:04] [Server thread/INFO]: Bamboo Growth Modifier: 100%
[14:00:04] [Server thread/INFO]: SweetBerry Growth Modifier: 100%
[14:00:04] [Server thread/INFO]: Kelp Growth Modifier: 100%
[14:00:04] [Server thread/INFO]: TwistingVines Growth Modifier: 100%
[14:00:04] [Server thread/INFO]: WeepingVines Growth Modifier: 100%
[14:00:04] [Server thread/INFO]: CaveVines Growth Modifier: 100%
[14:00:04] [Server thread/INFO]: Mob Spawn Range: 6
[14:00:04] [Server thread/INFO]: -------- World Settings For [lobby_the_end] --------
[14:00:04] [Server thread/INFO]: Item Merge Radius: 2.5
[14:00:04] [Server thread/INFO]: Experience Merge Radius: 3.0
[14:00:04] [Server thread/INFO]: Hopper Transfer: 8 Hopper Check: 1 Hopper Amount: 1 Hopper Can Load Chunks: false
[14:00:04] [Server thread/INFO]: Allow Zombie Pigmen to spawn from portal blocks: true
[14:00:04] [Server thread/INFO]: Item Despawn Rate: 6000
[14:00:04] [Server thread/INFO]: Simulation Distance: 10
[14:00:04] [Server thread/INFO]: View Distance: 10
[14:00:04] [Server thread/INFO]: Entity Activation Range: An 32 / Mo 32 / Ra 48 / Mi 16 / Tiv true / Isa false
[14:00:04] [Server thread/INFO]: Arrow Despawn Rate: 1200 Trident Respawn Rate:1200
[14:00:04] [Server thread/INFO]: Zombie Aggressive Towards Villager: true
[14:00:04] [Server thread/INFO]: Nerfing mobs spawned from spawners: false
[14:00:04] [Server thread/INFO]: Entity Tracking Range: Pl 48 / An 48 / Mo 48 / Mi 32 / Di 128 / Other 64
[14:00:04] [Server thread/INFO]: Max TNT Explosions: 100
[14:00:04] [Server thread/INFO]: Tile Max Tick Time: 50ms Entity max Tick Time: 50ms
[14:00:04] [Server thread/INFO]: Custom Map Seeds:  Village: 10387312 Desert: 14357617 Igloo: 14357618 Jungle: 14357619 Swamp: 14357620 Monument: 10387313 Ocean: 14357621 Shipwreck: 165745295 End City: 10387313 Slime: 987234911 Nether: 30084232 Mansion: 10387319 Fossil: 14357921 Portal: 34222645
[14:00:04] [Server thread/INFO]: Cactus Growth Modifier: 100%
[14:00:04] [Server thread/INFO]: Cane Growth Modifier: 100%
[14:00:04] [Server thread/INFO]: Melon Growth Modifier: 100%
[14:00:04] [Server thread/INFO]: Mushroom Growth Modifier: 100%
[14:00:04] [Server thread/INFO]: Pumpkin Growth Modifier: 100%
[14:00:04] [Server thread/INFO]: Sapling Growth Modifier: 100%
[14:00:04] [Server thread/INFO]: Beetroot Growth Modifier: 100%
[14:00:04] [Server thread/INFO]: Carrot Growth Modifier: 100%
[14:00:04] [Server thread/INFO]: Potato Growth Modifier: 100%
[14:00:04] [Server thread/INFO]: Wheat Growth Modifier: 100%
[14:00:04] [Server thread/INFO]: NetherWart Growth Modifier: 100%
[14:00:04] [Server thread/INFO]: Vine Growth Modifier: 100%
[14:00:04] [Server thread/INFO]: Cocoa Growth Modifier: 100%
[14:00:04] [Server thread/INFO]: Bamboo Growth Modifier: 100%
[14:00:04] [Server thread/INFO]: SweetBerry Growth Modifier: 100%
[14:00:04] [Server thread/INFO]: Kelp Growth Modifier: 100%
[14:00:04] [Server thread/INFO]: TwistingVines Growth Modifier: 100%
[14:00:04] [Server thread/INFO]: WeepingVines Growth Modifier: 100%
[14:00:04] [Server thread/INFO]: CaveVines Growth Modifier: 100%
[14:00:04] [Server thread/INFO]: Mob Spawn Range: 6
[14:00:04] [Server thread/INFO]: Preparing start region for dimension minecraft:overworld
[14:00:05] [Worker-Main-12/INFO]: Preparing spawn area: 0%
[14:00:05] [Worker-Main-12/INFO]: Preparing spawn area: 0%
[14:00:05] [Worker-Main-7/INFO]: Preparing spawn area: 85%
[14:00:05] [Server thread/INFO]: Time elapsed: 1137 ms
[14:00:05] [Server thread/INFO]: Preparing start region for dimension minecraft:the_nether
[14:00:06] [Worker-Main-4/INFO]: Preparing spawn area: 0%
[14:00:06] [Worker-Main-4/INFO]: Preparing spawn area: 0%
[14:00:06] [Worker-Main-5/INFO]: Preparing spawn area: 0%
[14:00:07] [Server thread/INFO]: Time elapsed: 1308 ms
[14:00:07] [Server thread/INFO]: Preparing start region for dimension minecraft:the_end
[14:00:08] [Worker-Main-9/INFO]: Preparing spawn area: 0%
[14:00:08] [Worker-Main-2/INFO]: Preparing spawn area: 0%
[14:00:08] [Worker-Main-8/INFO]: Preparing spawn area: 0%
[14:00:08] [Server thread/INFO]: Time elapsed: 1149 ms
[14:00:08] [Server thread/INFO]: [LavaYukseliyor] Enabling LavaYukseliyor v1.0
[14:00:08] [Server thread/INFO]: [LavaYukseliyor] Lava Yükseliyor plugin etkinleştirildi.
[14:00:08] [Server thread/INFO]: -------- World Settings For [oyun] --------
[14:00:08] [Server thread/INFO]: Item Merge Radius: 2.5
[14:00:08] [Server thread/INFO]: Experience Merge Radius: 3.0
[14:00:08] [Server thread/INFO]: Hopper Transfer: 8 Hopper Check: 1 Hopper Amount: 1 Hopper Can Load Chunks: false
[14:00:08] [Server thread/INFO]: Allow Zombie Pigmen to spawn from portal blocks: true
[14:00:08] [Server thread/INFO]: Item Despawn Rate: 6000
[14:00:08] [Server thread/INFO]: Simulation Distance: 10
[14:00:08] [Server thread/INFO]: View Distance: 10
[14:00:08] [Server thread/INFO]: Entity Activation Range: An 32 / Mo 32 / Ra 48 / Mi 16 / Tiv true / Isa false
[14:00:08] [Server thread/INFO]: Arrow Despawn Rate: 1200 Trident Respawn Rate:1200
[14:00:08] [Server thread/INFO]: Zombie Aggressive Towards Villager: true
[14:00:08] [Server thread/INFO]: Nerfing mobs spawned from spawners: false
[14:00:08] [Server thread/INFO]: Entity Tracking Range: Pl 48 / An 48 / Mo 48 / Mi 32 / Di 128 / Other 64
[14:00:08] [Server thread/INFO]: Max TNT Explosions: 100
[14:00:08] [Server thread/INFO]: Tile Max Tick Time: 50ms Entity max Tick Time: 50ms
[14:00:08] [Server thread/INFO]: Custom Map Seeds:  Village: 10387312 Desert: 14357617 Igloo: 14357618 Jungle: 14357619 Swamp: 14357620 Monument: 10387313 Ocean: 14357621 Shipwreck: 165745295 End City: 10387313 Slime: 987234911 Nether: 30084232 Mansion: 10387319 Fossil: 14357921 Portal: 34222645
[14:00:08] [Server thread/INFO]: Cactus Growth Modifier: 100%
[14:00:08] [Server thread/INFO]: Cane Growth Modifier: 100%
[14:00:08] [Server thread/INFO]: Melon Growth Modifier: 100%
[14:00:08] [Server thread/INFO]: Mushroom Growth Modifier: 100%
[14:00:08] [Server thread/INFO]: Pumpkin Growth Modifier: 100%
[14:00:08] [Server thread/INFO]: Sapling Growth Modifier: 100%
[14:00:08] [Server thread/INFO]: Beetroot Growth Modifier: 100%
[14:00:08] [Server thread/INFO]: Carrot Growth Modifier: 100%
[14:00:08] [Server thread/INFO]: Potato Growth Modifier: 100%
[14:00:08] [Server thread/INFO]: Wheat Growth Modifier: 100%
[14:00:08] [Server thread/INFO]: NetherWart Growth Modifier: 100%
[14:00:08] [Server thread/INFO]: Vine Growth Modifier: 100%
[14:00:08] [Server thread/INFO]: Cocoa Growth Modifier: 100%
[14:00:08] [Server thread/INFO]: Bamboo Growth Modifier: 100%
[14:00:08] [Server thread/INFO]: SweetBerry Growth Modifier: 100%
[14:00:08] [Server thread/INFO]: Kelp Growth Modifier: 100%
[14:00:08] [Server thread/INFO]: TwistingVines Growth Modifier: 100%
[14:00:08] [Server thread/INFO]: WeepingVines Growth Modifier: 100%
[14:00:08] [Server thread/INFO]: CaveVines Growth Modifier: 100%
[14:00:08] [Server thread/INFO]: Mob Spawn Range: 6
[14:00:13] [Server thread/INFO]: Preparing start region for dimension minecraft:oyun
[14:00:13] [Worker-Main-5/INFO]: Preparing spawn area: 2%
[14:00:13] [Worker-Main-7/INFO]: Preparing spawn area: 2%
[14:00:14] [Worker-Main-3/INFO]: Preparing spawn area: 4%
[14:00:14] [Worker-Main-9/INFO]: Preparing spawn area: 14%
[14:00:15] [Worker-Main-12/INFO]: Preparing spawn area: 18%
[14:00:15] [Worker-Main-6/INFO]: Preparing spawn area: 32%
[14:00:16] [Worker-Main-12/INFO]: Preparing spawn area: 51%
[14:00:16] [Worker-Main-6/INFO]: Preparing spawn area: 53%
[14:00:17] [Worker-Main-15/INFO]: Preparing spawn area: 79%
[14:00:17] [Server thread/INFO]: Time elapsed: 4333 ms
[14:00:17] [Server thread/INFO]: [Hub] Enabling Hub v1.0-SNAPSHOT
[14:00:17] [Server thread/INFO]: [Hub] Hub plugin enabled!
[14:00:17] [Server thread/INFO]: [ViaVersion] Enabling ViaVersion v5.0.2
[14:00:17] [Server thread/INFO]: [ViaVersion] ViaVersion detected server version: 1.20.5-1.20.6 (766)
[14:00:17] [Server thread/INFO]: [PlaceholderAPI] Enabling PlaceholderAPI v2.11.6
[14:00:17] [Server thread/INFO]: [PlaceholderAPI] Fetching available expansion information...
[14:00:17] [Server thread/INFO]: [WorldGuard] Enabling WorldGuard v7.0.10+d9424b1
[14:00:17] [Server thread/INFO]: [WorldGuard] (lobby) TNT ignition is PERMITTED.
[14:00:17] [Server thread/INFO]: [WorldGuard] (lobby) Lighters are PERMITTED.
[14:00:17] [Server thread/INFO]: [WorldGuard] (lobby) Lava fire is PERMITTED.
[14:00:17] [Server thread/INFO]: [WorldGuard] (lobby) Fire spread is UNRESTRICTED.
[14:00:17] [Server thread/INFO]: [WorldGuard] Loaded configuration for world 'lobby'
[14:00:17] [Server thread/INFO]: [WorldGuard] (lobby_nether) TNT ignition is PERMITTED.
[14:00:17] [Server thread/INFO]: [WorldGuard] (lobby_nether) Lighters are PERMITTED.
[14:00:17] [Server thread/INFO]: [WorldGuard] (lobby_nether) Lava fire is PERMITTED.
[14:00:17] [Server thread/INFO]: [WorldGuard] (lobby_nether) Fire spread is UNRESTRICTED.
[14:00:17] [Server thread/INFO]: [WorldGuard] Loaded configuration for world 'lobby_nether'
[14:00:17] [Server thread/INFO]: [WorldGuard] (lobby_the_end) TNT ignition is PERMITTED.
[14:00:17] [Server thread/INFO]: [WorldGuard] (lobby_the_end) Lighters are PERMITTED.
[14:00:17] [Server thread/INFO]: [WorldGuard] (lobby_the_end) Lava fire is PERMITTED.
[14:00:17] [Server thread/INFO]: [WorldGuard] (lobby_the_end) Fire spread is UNRESTRICTED.
[14:00:17] [Server thread/INFO]: [WorldGuard] Loaded configuration for world 'lobby_the_end'
[14:00:17] [Server thread/INFO]: [WorldGuard] (oyun) TNT ignition is PERMITTED.
[14:00:17] [Server thread/INFO]: [WorldGuard] (oyun) Lighters are PERMITTED.
[14:00:17] [Server thread/INFO]: [WorldGuard] (oyun) Lava fire is PERMITTED.
[14:00:17] [Server thread/INFO]: [WorldGuard] (oyun) Fire spread is UNRESTRICTED.
[14:00:17] [Server thread/INFO]: [WorldGuard] Loaded configuration for world 'oyun'
[14:00:17] [Server thread/INFO]: [WorldGuard] Loading region data...
[14:00:18] [Server thread/INFO]: [Citizens] Enabling Citizens v2.0.35-SNAPSHOT (build 3493)
[14:00:18] [Server thread/INFO]: [Citizens] Loading external libraries
[14:00:18] [Server thread/INFO]: [Citizens] Detected system language [[tr]]. If youd like you can contribute to Citizens translations via our Discord! https://discord.gg/Q6pZGSR
[14:00:18] [Server thread/INFO]: [Citizens] Loaded 0 templates.
[14:00:18] [Server thread/INFO]: [PlaceholderAPI] Successfully registered ınternal expansion: citizensplaceholder [1.0.0]
[14:00:19] [Server thread/INFO]: [TAB] Enabling TAB v4.1.6
[14:00:19] [Server thread/INFO]: [TAB] [0;37;22mLoaded NMS hook in 97ms[m
[14:00:19] [Server thread/INFO]: [TAB] [0;32;1mEnabled in 324ms[m
[14:00:19] [Server thread/INFO]: [SimpleScore] Enabling SimpleScore v3.12.5
[14:00:20] [Server thread/INFO]: [SimpleScore] It looks like your server doesn't have ProtocolLib, install ProtocolLib for even better performance and compatibility with other plugins.
[14:00:20] [Server thread/INFO]: [SimpleScore] https://www.spigotmc.org/resources/protocollib.1997/
[14:00:20] [Server thread/INFO]: [PlaceholderAPI] Successfully registered ınternal expansion: SimpleScore [3.12.5]
[14:00:20] [Server thread/INFO]: [LPC] Enabling LPC v3.6.0
[14:00:20] [Server thread/INFO]: Server permissions file permissions.yml is empty, ignoring it
[14:00:21] [Server thread/INFO]: [PlaceholderAPI] Placeholder expansion registration initializing...
[14:00:21] [Server thread/INFO]: Done (17.318s)! For help, type "help"
[14:00:21] [Craft Scheduler Thread - 3/INFO]: [ViaVersion] Finished mapping loading, shutting down loader executor!
[14:00:21] [Server thread/INFO]: [0;33;22m0 placeholder hook(s) registered![m
[14:00:21] [Craft Scheduler Thread - 1/INFO]: [33;1m[[32;22mSkinsRestorer[33;1m] [0;39m[32;1m----------------------------------------------[0;39m[m
[14:00:21] [Craft Scheduler Thread - 1/INFO]: [33;1m[[32;22mSkinsRestorer[33;1m] [0;39m[32;1m    +==================+[0;39m[m
[14:00:21] [Craft Scheduler Thread - 1/INFO]: [33;1m[[32;22mSkinsRestorer[33;1m] [0;39m[32;1m    |   SkinsRestorer  |[0;39m[m
[14:00:21] [Craft Scheduler Thread - 1/INFO]: [33;1m[[32;22mSkinsRestorer[33;1m] [0;39m[32;1m    |------------------|[0;39m[m
[14:00:21] [Craft Scheduler Thread - 1/INFO]: [33;1m[[32;22mSkinsRestorer[33;1m] [0;39m[32;1m    |  [34;1m[4m[21mStandalone Mode[0;39m[32;1m |[0;39m[m
[14:00:21] [Craft Scheduler Thread - 1/INFO]: [33;1m[[32;22mSkinsRestorer[33;1m] [0;39m[32;1m    +==================+[0;39m[m
[14:00:21] [Craft Scheduler Thread - 1/INFO]: [33;1m[[32;22mSkinsRestorer[33;1m] [0;39m[32;1m----------------------------------------------[0;39m[m
[14:00:21] [Craft Scheduler Thread - 1/INFO]: [33;1m[[32;22mSkinsRestorer[33;1m] [0;39m[36;1m    Version: [32;1m15.4.0[0;39m[m
[14:00:21] [Craft Scheduler Thread - 1/INFO]: [33;1m[[32;22mSkinsRestorer[33;1m] [0;39m[36;1m    Commit: [32;1m7837da9[0;39m[m
[14:00:21] [Craft Scheduler Thread - 1/INFO]: [33;1m[[32;22mSkinsRestorer[33;1m] [0;39m[32;1m    This is the latest version![0;39m[m
[14:00:21] [Craft Scheduler Thread - 1/INFO]: [33;1m[[32;22mSkinsRestorer[33;1m] [0;39m[32;1m----------------------------------------------[0;39m[m
[14:00:21] [Server thread/INFO]: [Citizens] Loaded 1 NPCs.
[14:00:21] [Server thread/WARN]: [ViaVersion] There is a newer plugin version available: 5.0.3, you're on: 5.0.2
[14:00:21] [User Authenticator #1/INFO]: UUID of player LAlal is 625c1377-4893-3624-a398-104a86b4cc70
[14:00:24] [User Authenticator #2/INFO]: UUID of player FURSOY is 2c9690da-3bf1-3304-9ce5-4957fac06a86
[14:00:25] [Server thread/INFO]: LAlal joined the game
[14:00:25] [Server thread/INFO]: LAlal[/127.0.0.1:58680] logged in with entity id 43 at ([lobby]0.955393656256078, 0.0, -0.5169483870828804)
[14:00:26] [Server thread/INFO]: FURSOY joined the game
[14:00:26] [Server thread/INFO]: FURSOY[/25.34.212.38:58684] logged in with entity id 122 at ([lobby]1.6030048005115112, 0.0, -0.02833213522622986)
[14:00:58] [Server thread/INFO]: LAlal issued server command: /gamemode creative
[14:00:58] [Server thread/INFO]: [LAlal: Set own game mode to Creative Mode]
[14:01:08] [Server thread/INFO]: LAlal has made the advancement [Monster Hunter]
[14:01:49] [Server thread/INFO]: FURSOY issued server command: /gamemode creative
[14:01:49] [Server thread/INFO]: [FURSOY: Set own game mode to Creative Mode]
[14:05:25] [Server thread/INFO]: FURSOY issued server command: /simplescore reload
[14:05:36] [Server thread/INFO]: FURSOY issued server command: /simplescore reload
[14:06:00] [Server thread/INFO]: FURSOY issued server command: /simplescore reload
[14:06:11] [Server thread/INFO]: FURSOY issued server command: /simplescore reload
[14:06:20] [Server thread/INFO]: FURSOY issued server command: /simplescore reload
[14:06:39] [Server thread/INFO]: FURSOY issued server command: /simplescore reload
[14:07:03] [Server thread/INFO]: FURSOY issued server command: /simplescore reload
[14:07:37] [Server thread/INFO]: FURSOY issued server command: /simplescore reload
[14:07:44] [Server thread/INFO]: FURSOY issued server command: /simplescore reload
[14:10:12] [Server thread/INFO]: FURSOY issued server command: /simplescore reload
[14:10:35] [Server thread/INFO]: FURSOY issued server command: /papi ecloud download Player
[14:10:35] [placeholderapi-io-#1/INFO]: [PlaceholderAPI] Fetching available expansion information...
[14:10:39] [Server thread/INFO]: FURSOY issued server command: /papi reload
[14:10:39] [Server thread/INFO]: [PlaceholderAPI] Placeholder expansion registration initializing...
[14:10:39] [Server thread/INFO]: [PlaceholderAPI] Fetching available expansion information...
[14:10:39] [Server thread/INFO]: [PlaceholderAPI] Successfully registered external expansion: player [2.0.8]
[14:12:05] [Server thread/INFO]: FURSOY issued server command: /simplescore reload
[14:12:49] [Server thread/INFO]: FURSOY issued server command: /simplescore reload
[14:13:19] [Server thread/INFO]: FURSOY issued server command: /simplescore reload
[14:13:39] [Server thread/INFO]: FURSOY issued server command: /simplescore reload
[14:14:02] [Server thread/INFO]: FURSOY issued server command: /simplescore reload
[14:14:16] [Server thread/INFO]: FURSOY issued server command: /simplescore reload
[14:14:31] [Server thread/INFO]: FURSOY issued server command: /simplescore reload
[14:14:39] [Server thread/INFO]: FURSOY issued server command: /simplescore reload
[14:14:56] [Server thread/INFO]: FURSOY issued server command: /simplescore reload
[14:15:02] [Server thread/INFO]: FURSOY issued server command: /simplescore reload
[14:16:39] [Server thread/INFO]: FURSOY issued server command: /simplescore reload
[14:16:47] [Server thread/INFO]: FURSOY issued server command: /simplescore reload
[14:17:00] [Server thread/INFO]: FURSOY issued server command: /papi ecloud download PlayerList
[14:17:00] [placeholderapi-io-#3/INFO]: [PlaceholderAPI] Fetching available expansion information...
[14:17:06] [Server thread/INFO]: FURSOY issued server command: /papi reload
[14:17:06] [Server thread/INFO]: [PlaceholderAPI] Placeholder expansion registration initializing...
[14:17:06] [Server thread/INFO]: [PlaceholderAPI] Fetching available expansion information...
[14:17:06] [Server thread/INFO]: [PlaceholderAPI] Successfully registered external expansion: player [2.0.8]
[14:17:06] [Server thread/INFO]: [PlaceholderAPI] Successfully registered external expansion: playerlist [3.0.7]
[14:17:50] [Server thread/INFO]: FURSOY issued server command: /papi ecloud download LuckPerms
[14:17:51] [placeholderapi-io-#4/INFO]: [PlaceholderAPI] Fetching available expansion information...
[14:17:54] [Server thread/INFO]: FURSOY issued server command: /papi reload
[14:17:54] [Server thread/INFO]: [PlaceholderAPI] Placeholder expansion registration initializing...
[14:17:54] [Server thread/INFO]: [PlaceholderAPI] Fetching available expansion information...
[14:17:54] [Server thread/WARN]: [PlaceholderAPI] Loaded class net.luckperms.api.LuckPerms from LuckPerms v5.4.137 which is not a depend or softdepend of this plugin.
[14:17:54] [Server thread/INFO]: [PlaceholderAPI] Successfully registered external expansion: luckperms [5.4-R2]
[14:17:54] [Server thread/INFO]: [PlaceholderAPI] Successfully registered external expansion: player [2.0.8]
[14:17:54] [Server thread/INFO]: [PlaceholderAPI] Successfully registered external expansion: playerlist [3.0.7]
[14:18:45] [Server thread/INFO]: FURSOY issued server command: /npc select
[14:19:48] [Server thread/INFO]: FURSOY issued server command: /npc rename (world_players_oyun) Lav Yükseliyor
[14:20:09] [Server thread/INFO]: FURSOY issued server command: /npc rename (%world_players_oyun%) Lav Yükseliyor
[14:20:35] [Server thread/INFO]: FURSOY issued server command: /papi ecloud download Server
[14:20:36] [placeholderapi-io-#5/INFO]: [PlaceholderAPI] Fetching available expansion information...
[14:20:39] [Server thread/INFO]: FURSOY issued server command: /papi reload
[14:20:39] [Server thread/INFO]: [PlaceholderAPI] Placeholder expansion registration initializing...
[14:20:39] [Server thread/INFO]: [PlaceholderAPI] Fetching available expansion information...
[14:20:39] [Server thread/INFO]: [PlaceholderAPI] Successfully registered external expansion: luckperms [5.4-R2]
[14:20:39] [Server thread/INFO]: [PlaceholderAPI] Successfully registered external expansion: player [2.0.8]
[14:20:39] [Server thread/INFO]: [PlaceholderAPI] Successfully registered external expansion: playerlist [3.0.7]
[14:20:39] [Server thread/INFO]: [PlaceholderAPI] Successfully registered external expansion: server [2.7.2]
[14:20:49] [Server thread/INFO]: FURSOY issued server command: /papi ecloud download World
[14:20:49] [placeholderapi-io-#6/INFO]: [PlaceholderAPI] Fetching available expansion information...
[14:20:53] [Server thread/INFO]: FURSOY issued server command: /papi reload
[14:20:53] [Server thread/INFO]: [PlaceholderAPI] Placeholder expansion registration initializing...
[14:20:53] [Server thread/INFO]: [PlaceholderAPI] Fetching available expansion information...
[14:20:53] [Server thread/INFO]: [PlaceholderAPI] Successfully registered external expansion: luckperms [5.4-R2]
[14:20:53] [Server thread/INFO]: [PlaceholderAPI] Successfully registered external expansion: player [2.0.8]
[14:20:53] [Server thread/INFO]: [PlaceholderAPI] Successfully registered external expansion: playerlist [3.0.7]
[14:20:53] [Server thread/INFO]: [PlaceholderAPI] Successfully registered external expansion: server [2.7.2]
[14:20:53] [Server thread/INFO]: [PlaceholderAPI] Successfully registered external expansion: world [1.2.2]
[14:20:58] [Server thread/INFO]: FURSOY issued server command: /joinoyun
[14:20:58] [Server thread/INFO]: [LavaYukseliyor] Oyun Katılımcıları: 1
[14:21:06] [Server thread/INFO]: FURSOY issued server command: /hub
[14:21:47] [Server thread/INFO]: FURSOY issued server command: /npc rename &7(%world_players_oyun%) Lav Yükseliyor
[14:22:06] [Server thread/INFO]: FURSOY issued server command: /npc rename &7(&b%world_players_oyun%) Lav Yükseliyor
[14:22:15] [Server thread/INFO]: FURSOY issued server command: /npc rename &7(&b%world_players_oyun%&7) Lav Yükseliyor
[14:22:34] [Server thread/INFO]: FURSOY issued server command: /npc rename &7(&b%world_players_oyun%&7) &aLav Yükseliyor
[14:22:58] [Server thread/INFO]: FURSOY issued server command: /npc look
[14:23:51] [Server thread/INFO]: FURSOY issued server command: /simplescore reload
[14:23:51] [Server thread/ERROR]: Cannot load configuration from stream
org.bukkit.configuration.InvalidConfigurationException: while scanning a simple key
 in 'reader', line 27, column 3:
      scores:%&%%%55%%%saad9_p-
      ^
could not find expected ':'
 in 'reader', line 28, column 1:
        4: '&7&m-----------------'
    ^

	at org.bukkit.configuration.file.YamlConfiguration.loadFromString(YamlConfiguration.java:110) ~[spigot-api-1.20.6-R0.1-SNAPSHOT.jar:?]
	at org.bukkit.configuration.file.FileConfiguration.load(FileConfiguration.java:160) ~[spigot-api-1.20.6-R0.1-SNAPSHOT.jar:?]
	at org.bukkit.configuration.file.YamlConfiguration.loadConfiguration(YamlConfiguration.java:337) ~[spigot-api-1.20.6-R0.1-SNAPSHOT.jar:?]
	at com.r4g3baby.simplescore.utils.configs.ConfigFile.<init>(ConfigFile.kt:27) ~[?:?]
	at com.r4g3baby.simplescore.configs.ScoreboardsConfig.<init>(ScoreboardsConfig.kt:13) ~[?:?]
	at com.r4g3baby.simplescore.configs.MainConfig.<init>(MainConfig.kt:22) ~[?:?]
	at com.r4g3baby.simplescore.SimpleScore$Api.reload(SimpleScore.kt:79) ~[?:?]
	at com.r4g3baby.simplescore.commands.subcmds.Reload.run(Reload.kt:11) ~[?:?]
	at com.r4g3baby.simplescore.commands.MainCmd.onCommand(MainCmd.kt:23) ~[?:?]
	at org.bukkit.command.PluginCommand.execute(PluginCommand.java:45) ~[spigot-api-1.20.6-R0.1-SNAPSHOT.jar:?]
	at org.bukkit.command.SimpleCommandMap.dispatch(SimpleCommandMap.java:150) ~[spigot-api-1.20.6-R0.1-SNAPSHOT.jar:?]
	at org.bukkit.craftbukkit.v1_20_R4.CraftServer.dispatchCommand(CraftServer.java:910) ~[spigot-1.20.6-R0.1-SNAPSHOT.jar:4195-a-Spigot-f6a4805-cebb58e]
	at org.bukkit.craftbukkit.v1_20_R4.command.BukkitCommandWrapper.run(BukkitCommandWrapper.java:50) ~[spigot-1.20.6-R0.1-SNAPSHOT.jar:4195-a-Spigot-f6a4805-cebb58e]
	at com.mojang.brigadier.context.ContextChain.runExecutable(ContextChain.java:73) ~[brigadier-1.2.9.jar:?]
	at net.minecraft.commands.execution.tasks.ExecuteCommand.a(SourceFile:29) ~[spigot-1.20.6-R0.1-SNAPSHOT.jar:4195-a-Spigot-f6a4805-cebb58e]
	at net.minecraft.commands.execution.tasks.ExecuteCommand.execute(SourceFile:13) ~[spigot-1.20.6-R0.1-SNAPSHOT.jar:4195-a-Spigot-f6a4805-cebb58e]
	at net.minecraft.commands.execution.UnboundEntryAction.a(SourceFile:8) ~[spigot-1.20.6-R0.1-SNAPSHOT.jar:4195-a-Spigot-f6a4805-cebb58e]
	at net.minecraft.commands.execution.CommandQueueEntry.a(SourceFile:8) ~[spigot-1.20.6-R0.1-SNAPSHOT.jar:4195-a-Spigot-f6a4805-cebb58e]
	at net.minecraft.commands.execution.ExecutionContext.a(SourceFile:107) ~[spigot-1.20.6-R0.1-SNAPSHOT.jar:4195-a-Spigot-f6a4805-cebb58e]
	at net.minecraft.commands.CommandDispatcher.a(CommandDispatcher.java:416) ~[spigot-1.20.6-R0.1-SNAPSHOT.jar:4195-a-Spigot-f6a4805-cebb58e]
	at net.minecraft.commands.CommandDispatcher.performCommand(CommandDispatcher.java:338) ~[spigot-1.20.6-R0.1-SNAPSHOT.jar:4195-a-Spigot-f6a4805-cebb58e]
	at net.minecraft.commands.CommandDispatcher.a(CommandDispatcher.java:325) ~[spigot-1.20.6-R0.1-SNAPSHOT.jar:4195-a-Spigot-f6a4805-cebb58e]
	at net.minecraft.server.network.PlayerConnection.b(PlayerConnection.java:1824) ~[spigot-1.20.6-R0.1-SNAPSHOT.jar:4195-a-Spigot-f6a4805-cebb58e]
	at net.minecraft.server.network.PlayerConnection.lambda$handleChatCommand$7(PlayerConnection.java:1800) ~[spigot-1.20.6-R0.1-SNAPSHOT.jar:4195-a-Spigot-f6a4805-cebb58e]
	at net.minecraft.server.TickTask.run(SourceFile:18) ~[spigot-1.20.6-R0.1-SNAPSHOT.jar:4195-a-Spigot-f6a4805-cebb58e]
	at net.minecraft.util.thread.IAsyncTaskHandler.d(SourceFile:162) ~[spigot-1.20.6-R0.1-SNAPSHOT.jar:4195-a-Spigot-f6a4805-cebb58e]
	at net.minecraft.util.thread.IAsyncTaskHandlerReentrant.d(SourceFile:23) ~[spigot-1.20.6-R0.1-SNAPSHOT.jar:4195-a-Spigot-f6a4805-cebb58e]
	at net.minecraft.server.MinecraftServer.b(MinecraftServer.java:1242) ~[spigot-1.20.6-R0.1-SNAPSHOT.jar:4195-a-Spigot-f6a4805-cebb58e]
	at net.minecraft.server.MinecraftServer.d(MinecraftServer.java:197) ~[spigot-1.20.6-R0.1-SNAPSHOT.jar:4195-a-Spigot-f6a4805-cebb58e]
	at net.minecraft.util.thread.IAsyncTaskHandler.A(SourceFile:136) ~[spigot-1.20.6-R0.1-SNAPSHOT.jar:4195-a-Spigot-f6a4805-cebb58e]
	at net.minecraft.server.MinecraftServer.bu(MinecraftServer.java:1221) ~[spigot-1.20.6-R0.1-SNAPSHOT.jar:4195-a-Spigot-f6a4805-cebb58e]
	at net.minecraft.server.MinecraftServer.A(MinecraftServer.java:1214) ~[spigot-1.20.6-R0.1-SNAPSHOT.jar:4195-a-Spigot-f6a4805-cebb58e]
	at net.minecraft.util.thread.IAsyncTaskHandler.c(SourceFile:145) ~[spigot-1.20.6-R0.1-SNAPSHOT.jar:4195-a-Spigot-f6a4805-cebb58e]
	at net.minecraft.server.MinecraftServer.v_(MinecraftServer.java:1186) ~[spigot-1.20.6-R0.1-SNAPSHOT.jar:4195-a-Spigot-f6a4805-cebb58e]
	at net.minecraft.server.MinecraftServer.y(MinecraftServer.java:1071) ~[spigot-1.20.6-R0.1-SNAPSHOT.jar:4195-a-Spigot-f6a4805-cebb58e]
	at net.minecraft.server.MinecraftServer.lambda$spin$0(MinecraftServer.java:311) ~[spigot-1.20.6-R0.1-SNAPSHOT.jar:4195-a-Spigot-f6a4805-cebb58e]
	at java.base/java.lang.Thread.run(Thread.java:1570) [?:?]
Caused by: org.yaml.snakeyaml.scanner.ScannerException: while scanning a simple key
 in 'reader', line 27, column 3:
      scores:%&%%%55%%%saad9_p-
      ^
could not find expected ':'
 in 'reader', line 28, column 1:
        4: '&7&m-----------------'
    ^

	at org.yaml.snakeyaml.scanner.ScannerImpl.stalePossibleSimpleKeys(ScannerImpl.java:502) ~[snakeyaml-2.2.jar:?]
	at org.yaml.snakeyaml.scanner.ScannerImpl.needMoreTokens(ScannerImpl.java:307) ~[snakeyaml-2.2.jar:?]
	at org.yaml.snakeyaml.scanner.ScannerImpl.checkToken(ScannerImpl.java:237) ~[snakeyaml-2.2.jar:?]
	at org.yaml.snakeyaml.parser.ParserImpl$ParseBlockMappingKey.produce(ParserImpl.java:637) ~[snakeyaml-2.2.jar:?]
	at org.yaml.snakeyaml.parser.ParserImpl.peekEvent(ParserImpl.java:161) ~[snakeyaml-2.2.jar:?]
	at org.yaml.snakeyaml.comments.CommentEventsCollector$1.peek(CommentEventsCollector.java:57) ~[snakeyaml-2.2.jar:?]
	at org.yaml.snakeyaml.comments.CommentEventsCollector$1.peek(CommentEventsCollector.java:43) ~[snakeyaml-2.2.jar:?]
	at org.yaml.snakeyaml.comments.CommentEventsCollector.collectEvents(CommentEventsCollector.java:136) ~[snakeyaml-2.2.jar:?]
	at org.yaml.snakeyaml.comments.CommentEventsCollector.collectEvents(CommentEventsCollector.java:116) ~[snakeyaml-2.2.jar:?]
	at org.yaml.snakeyaml.composer.Composer.composeScalarNode(Composer.java:241) ~[snakeyaml-2.2.jar:?]
	at org.yaml.snakeyaml.composer.Composer.composeNode(Composer.java:205) ~[snakeyaml-2.2.jar:?]
	at org.yaml.snakeyaml.composer.Composer.composeValueNode(Composer.java:369) ~[snakeyaml-2.2.jar:?]
	at org.yaml.snakeyaml.composer.Composer.composeMappingChildren(Composer.java:348) ~[snakeyaml-2.2.jar:?]
	at org.yaml.snakeyaml.composer.Composer.composeMappingNode(Composer.java:323) ~[snakeyaml-2.2.jar:?]
	at org.yaml.snakeyaml.composer.Composer.composeNode(Composer.java:209) ~[snakeyaml-2.2.jar:?]
	at org.yaml.snakeyaml.composer.Composer.composeValueNode(Composer.java:369) ~[snakeyaml-2.2.jar:?]
	at org.yaml.snakeyaml.composer.Composer.composeMappingChildren(Composer.java:348) ~[snakeyaml-2.2.jar:?]
	at org.yaml.snakeyaml.composer.Composer.composeMappingNode(Composer.java:323) ~[snakeyaml-2.2.jar:?]
	at org.yaml.snakeyaml.composer.Composer.composeNode(Composer.java:209) ~[snakeyaml-2.2.jar:?]
	at org.yaml.snakeyaml.composer.Composer.getNode(Composer.java:131) ~[snakeyaml-2.2.jar:?]
	at org.yaml.snakeyaml.composer.Composer.getSingleNode(Composer.java:157) ~[snakeyaml-2.2.jar:?]
	at org.yaml.snakeyaml.Yaml.compose(Yaml.java:575) ~[snakeyaml-2.2.jar:?]
	at org.bukkit.configuration.file.YamlConfiguration.loadFromString(YamlConfiguration.java:103) ~[spigot-api-1.20.6-R0.1-SNAPSHOT.jar:?]
	... 36 more
[14:24:11] [Server thread/INFO]: FURSOY issued server command: /simplescore reload
[14:24:27] [Server thread/INFO]: FURSOY issued server command: /simplescore reload
[14:24:34] [Server thread/INFO]: FURSOY issued server command: /simplescore reload
[14:24:46] [Server thread/INFO]: FURSOY issued server command: /simplescore reload
[14:25:00] [Server thread/INFO]: FURSOY issued server command: /simplescore reload
[14:25:10] [Server thread/INFO]: FURSOY issued server command: /simplescore reload
[14:25:21] [Server thread/INFO]: FURSOY issued server command: /simplescore reload
[14:25:41] [Server thread/INFO]: FURSOY issued server command: /simplescore reload
[14:25:53] [Server thread/INFO]: FURSOY issued server command: /simplescore reload
[14:25:53] [Server thread/ERROR]: Cannot load configuration from stream
org.bukkit.configuration.InvalidConfigurationException: while parsing a block mapping
 in 'reader', line 28, column 5:
        : '&7&m-----------------'
        ^
expected <block end>, but found ':'
 in 'reader', line 28, column 5:
        : '&7&m-----------------'
        ^

	at org.bukkit.configuration.file.YamlConfiguration.loadFromString(YamlConfiguration.java:110) ~[spigot-api-1.20.6-R0.1-SNAPSHOT.jar:?]
	at org.bukkit.configuration.file.FileConfiguration.load(FileConfiguration.java:160) ~[spigot-api-1.20.6-R0.1-SNAPSHOT.jar:?]
	at org.bukkit.configuration.file.YamlConfiguration.loadConfiguration(YamlConfiguration.java:337) ~[spigot-api-1.20.6-R0.1-SNAPSHOT.jar:?]
	at com.r4g3baby.simplescore.utils.configs.ConfigFile.<init>(ConfigFile.kt:27) ~[?:?]
	at com.r4g3baby.simplescore.configs.ScoreboardsConfig.<init>(ScoreboardsConfig.kt:13) ~[?:?]
	at com.r4g3baby.simplescore.configs.MainConfig.<init>(MainConfig.kt:22) ~[?:?]
	at com.r4g3baby.simplescore.SimpleScore$Api.reload(SimpleScore.kt:79) ~[?:?]
	at com.r4g3baby.simplescore.commands.subcmds.Reload.run(Reload.kt:11) ~[?:?]
	at com.r4g3baby.simplescore.commands.MainCmd.onCommand(MainCmd.kt:23) ~[?:?]
	at org.bukkit.command.PluginCommand.execute(PluginCommand.java:45) ~[spigot-api-1.20.6-R0.1-SNAPSHOT.jar:?]
	at org.bukkit.command.SimpleCommandMap.dispatch(SimpleCommandMap.java:150) ~[spigot-api-1.20.6-R0.1-SNAPSHOT.jar:?]
	at org.bukkit.craftbukkit.v1_20_R4.CraftServer.dispatchCommand(CraftServer.java:910) ~[spigot-1.20.6-R0.1-SNAPSHOT.jar:4195-a-Spigot-f6a4805-cebb58e]
	at org.bukkit.craftbukkit.v1_20_R4.command.BukkitCommandWrapper.run(BukkitCommandWrapper.java:50) ~[spigot-1.20.6-R0.1-SNAPSHOT.jar:4195-a-Spigot-f6a4805-cebb58e]
	at com.mojang.brigadier.context.ContextChain.runExecutable(ContextChain.java:73) ~[brigadier-1.2.9.jar:?]
	at net.minecraft.commands.execution.tasks.ExecuteCommand.a(SourceFile:29) ~[spigot-1.20.6-R0.1-SNAPSHOT.jar:4195-a-Spigot-f6a4805-cebb58e]
	at net.minecraft.commands.execution.tasks.ExecuteCommand.execute(SourceFile:13) ~[spigot-1.20.6-R0.1-SNAPSHOT.jar:4195-a-Spigot-f6a4805-cebb58e]
	at net.minecraft.commands.execution.UnboundEntryAction.a(SourceFile:8) ~[spigot-1.20.6-R0.1-SNAPSHOT.jar:4195-a-Spigot-f6a4805-cebb58e]
	at net.minecraft.commands.execution.CommandQueueEntry.a(SourceFile:8) ~[spigot-1.20.6-R0.1-SNAPSHOT.jar:4195-a-Spigot-f6a4805-cebb58e]
	at net.minecraft.commands.execution.ExecutionContext.a(SourceFile:107) ~[spigot-1.20.6-R0.1-SNAPSHOT.jar:4195-a-Spigot-f6a4805-cebb58e]
	at net.minecraft.commands.CommandDispatcher.a(CommandDispatcher.java:416) ~[spigot-1.20.6-R0.1-SNAPSHOT.jar:4195-a-Spigot-f6a4805-cebb58e]
	at net.minecraft.commands.CommandDispatcher.performCommand(CommandDispatcher.java:338) ~[spigot-1.20.6-R0.1-SNAPSHOT.jar:4195-a-Spigot-f6a4805-cebb58e]
	at net.minecraft.commands.CommandDispatcher.a(CommandDispatcher.java:325) ~[spigot-1.20.6-R0.1-SNAPSHOT.jar:4195-a-Spigot-f6a4805-cebb58e]
	at net.minecraft.server.network.PlayerConnection.b(PlayerConnection.java:1824) ~[spigot-1.20.6-R0.1-SNAPSHOT.jar:4195-a-Spigot-f6a4805-cebb58e]
	at net.minecraft.server.network.PlayerConnection.lambda$handleChatCommand$7(PlayerConnection.java:1800) ~[spigot-1.20.6-R0.1-SNAPSHOT.jar:4195-a-Spigot-f6a4805-cebb58e]
	at net.minecraft.server.TickTask.run(SourceFile:18) ~[spigot-1.20.6-R0.1-SNAPSHOT.jar:4195-a-Spigot-f6a4805-cebb58e]
	at net.minecraft.util.thread.IAsyncTaskHandler.d(SourceFile:162) ~[spigot-1.20.6-R0.1-SNAPSHOT.jar:4195-a-Spigot-f6a4805-cebb58e]
	at net.minecraft.util.thread.IAsyncTaskHandlerReentrant.d(SourceFile:23) ~[spigot-1.20.6-R0.1-SNAPSHOT.jar:4195-a-Spigot-f6a4805-cebb58e]
	at net.minecraft.server.MinecraftServer.b(MinecraftServer.java:1242) ~[spigot-1.20.6-R0.1-SNAPSHOT.jar:4195-a-Spigot-f6a4805-cebb58e]
	at net.minecraft.server.MinecraftServer.d(MinecraftServer.java:197) ~[spigot-1.20.6-R0.1-SNAPSHOT.jar:4195-a-Spigot-f6a4805-cebb58e]
	at net.minecraft.util.thread.IAsyncTaskHandler.A(SourceFile:136) ~[spigot-1.20.6-R0.1-SNAPSHOT.jar:4195-a-Spigot-f6a4805-cebb58e]
	at net.minecraft.server.MinecraftServer.bu(MinecraftServer.java:1221) ~[spigot-1.20.6-R0.1-SNAPSHOT.jar:4195-a-Spigot-f6a4805-cebb58e]
	at net.minecraft.server.MinecraftServer.A(MinecraftServer.java:1214) ~[spigot-1.20.6-R0.1-SNAPSHOT.jar:4195-a-Spigot-f6a4805-cebb58e]
	at net.minecraft.util.thread.IAsyncTaskHandler.c(SourceFile:145) ~[spigot-1.20.6-R0.1-SNAPSHOT.jar:4195-a-Spigot-f6a4805-cebb58e]
	at net.minecraft.server.MinecraftServer.v_(MinecraftServer.java:1186) ~[spigot-1.20.6-R0.1-SNAPSHOT.jar:4195-a-Spigot-f6a4805-cebb58e]
	at net.minecraft.server.MinecraftServer.y(MinecraftServer.java:1071) ~[spigot-1.20.6-R0.1-SNAPSHOT.jar:4195-a-Spigot-f6a4805-cebb58e]
	at net.minecraft.server.MinecraftServer.lambda$spin$0(MinecraftServer.java:311) ~[spigot-1.20.6-R0.1-SNAPSHOT.jar:4195-a-Spigot-f6a4805-cebb58e]
	at java.base/java.lang.Thread.run(Thread.java:1570) [?:?]
Caused by: org.yaml.snakeyaml.parser.ParserException: while parsing a block mapping
 in 'reader', line 28, column 5:
        : '&7&m-----------------'
        ^
expected <block end>, but found ':'
 in 'reader', line 28, column 5:
        : '&7&m-----------------'
        ^

	at org.yaml.snakeyaml.parser.ParserImpl$ParseBlockMappingKey.produce(ParserImpl.java:654) ~[snakeyaml-2.2.jar:?]
	at org.yaml.snakeyaml.parser.ParserImpl$ParseBlockMappingFirstKey.produce(ParserImpl.java:630) ~[snakeyaml-2.2.jar:?]
	at org.yaml.snakeyaml.parser.ParserImpl.peekEvent(ParserImpl.java:161) ~[snakeyaml-2.2.jar:?]
	at org.yaml.snakeyaml.parser.ParserImpl.checkEvent(ParserImpl.java:152) ~[snakeyaml-2.2.jar:?]
	at org.yaml.snakeyaml.composer.Composer.composeMappingNode(Composer.java:318) ~[snakeyaml-2.2.jar:?]
	at org.yaml.snakeyaml.composer.Composer.composeNode(Composer.java:209) ~[snakeyaml-2.2.jar:?]
	at org.yaml.snakeyaml.composer.Composer.composeValueNode(Composer.java:369) ~[snakeyaml-2.2.jar:?]
	at org.yaml.snakeyaml.composer.Composer.composeMappingChildren(Composer.java:348) ~[snakeyaml-2.2.jar:?]
	at org.yaml.snakeyaml.composer.Composer.composeMappingNode(Composer.java:323) ~[snakeyaml-2.2.jar:?]
	at org.yaml.snakeyaml.composer.Composer.composeNode(Composer.java:209) ~[snakeyaml-2.2.jar:?]
	at org.yaml.snakeyaml.composer.Composer.composeValueNode(Composer.java:369) ~[snakeyaml-2.2.jar:?]
	at org.yaml.snakeyaml.composer.Composer.composeMappingChildren(Composer.java:348) ~[snakeyaml-2.2.jar:?]
	at org.yaml.snakeyaml.composer.Composer.composeMappingNode(Composer.java:323) ~[snakeyaml-2.2.jar:?]
	at org.yaml.snakeyaml.composer.Composer.composeNode(Composer.java:209) ~[snakeyaml-2.2.jar:?]
	at org.yaml.snakeyaml.composer.Composer.getNode(Composer.java:131) ~[snakeyaml-2.2.jar:?]
	at org.yaml.snakeyaml.composer.Composer.getSingleNode(Composer.java:157) ~[snakeyaml-2.2.jar:?]
	at org.yaml.snakeyaml.Yaml.compose(Yaml.java:575) ~[snakeyaml-2.2.jar:?]
	at org.bukkit.configuration.file.YamlConfiguration.loadFromString(YamlConfiguration.java:103) ~[spigot-api-1.20.6-R0.1-SNAPSHOT.jar:?]
	... 36 more
[14:26:03] [Server thread/INFO]: FURSOY issued server command: /simplescore reload
[14:26:11] [Server thread/INFO]: FURSOY issued server command: /simplescore reload
[14:26:17] [Server thread/INFO]: FURSOY issued server command: /simplescore reload
[14:27:10] [Server thread/INFO]: FURSOY issued server command: /joinoyun
[14:27:10] [Server thread/INFO]: [LavaYukseliyor] Oyun Katılımcıları: 1
[14:27:20] [Server thread/INFO]: LAlal issued server command: /joinoyun
[14:27:20] [Server thread/INFO]: [LavaYukseliyor] Oyun Katılımcıları: 2
[14:27:20] [Server thread/INFO]: [LavaYukseliyor] §aOyun 10 saniye içinde başlayacak!
[14:27:21] [Server thread/INFO]: [LavaYukseliyor] §aOyun 9 saniye içinde başlayacak!
[14:27:22] [Server thread/INFO]: [LavaYukseliyor] §aOyun 8 saniye içinde başlayacak!
[14:27:23] [Server thread/INFO]: [LavaYukseliyor] §aOyun 7 saniye içinde başlayacak!
[14:27:24] [Server thread/INFO]: [LavaYukseliyor] §aOyun 6 saniye içinde başlayacak!
[14:27:25] [Server thread/INFO]: [LavaYukseliyor] §aOyun 5 saniye içinde başlayacak!
[14:27:26] [Server thread/INFO]: [LavaYukseliyor] §aOyun 4 saniye içinde başlayacak!
[14:27:27] [Server thread/INFO]: [LavaYukseliyor] §aOyun 3 saniye içinde başlayacak!
[14:27:28] [Server thread/INFO]: [LavaYukseliyor] §aOyun 2 saniye içinde başlayacak!
[14:27:29] [Server thread/INFO]: [LavaYukseliyor] §aOyun 1 saniye içinde başlayacak!
[14:33:16] [Server thread/INFO]: FURSOY issued server command: /gamemode survival
[14:33:16] [Server thread/INFO]: [FURSOY: Set own game mode to Survival Mode]
[14:33:41] [Server thread/INFO]: [LavaYukseliyor] checkforwinner çalıştıkalan oyuncu1
[14:33:41] [Server thread/ERROR]: Could not pass event PlayerDeathEvent to LavaYukseliyor v1.0
org.bukkit.event.EventException: null
	at org.bukkit.plugin.java.JavaPluginLoader$1.execute(JavaPluginLoader.java:310) ~[spigot-api-1.20.6-R0.1-SNAPSHOT.jar:?]
	at org.bukkit.plugin.RegisteredListener.callEvent(RegisteredListener.java:70) ~[spigot-api-1.20.6-R0.1-SNAPSHOT.jar:?]
	at org.bukkit.plugin.SimplePluginManager.fireEvent(SimplePluginManager.java:601) ~[spigot-api-1.20.6-R0.1-SNAPSHOT.jar:?]
	at org.bukkit.plugin.SimplePluginManager.callEvent(SimplePluginManager.java:588) ~[spigot-api-1.20.6-R0.1-SNAPSHOT.jar:?]
	at org.bukkit.craftbukkit.v1_20_R4.event.CraftEventFactory.callPlayerDeathEvent(CraftEventFactory.java:929) ~[spigot-1.20.6-R0.1-SNAPSHOT.jar:4195-a-Spigot-f6a4805-cebb58e]
	at net.minecraft.server.level.EntityPlayer.a(EntityPlayer.java:906) ~[spigot-1.20.6-R0.1-SNAPSHOT.jar:4195-a-Spigot-f6a4805-cebb58e]
	at net.minecraft.world.entity.EntityLiving.a(EntityLiving.java:1535) ~[spigot-1.20.6-R0.1-SNAPSHOT.jar:4195-a-Spigot-f6a4805-cebb58e]
	at net.minecraft.world.entity.player.EntityHuman.a(EntityHuman.java:955) ~[spigot-1.20.6-R0.1-SNAPSHOT.jar:4195-a-Spigot-f6a4805-cebb58e]
	at net.minecraft.server.level.EntityPlayer.a(EntityPlayer.java:1061) ~[spigot-1.20.6-R0.1-SNAPSHOT.jar:4195-a-Spigot-f6a4805-cebb58e]
	at net.minecraft.world.entity.Entity.aA(Entity.java:729) ~[spigot-1.20.6-R0.1-SNAPSHOT.jar:4195-a-Spigot-f6a4805-cebb58e]
	at net.minecraft.world.entity.Entity.au(Entity.java:656) ~[spigot-1.20.6-R0.1-SNAPSHOT.jar:4195-a-Spigot-f6a4805-cebb58e]
	at net.minecraft.world.entity.EntityLiving.au(EntityLiving.java:419) ~[spigot-1.20.6-R0.1-SNAPSHOT.jar:4195-a-Spigot-f6a4805-cebb58e]
	at net.minecraft.world.entity.Entity.l(Entity.java:597) ~[spigot-1.20.6-R0.1-SNAPSHOT.jar:4195-a-Spigot-f6a4805-cebb58e]
	at net.minecraft.world.entity.EntityLiving.l(EntityLiving.java:2951) ~[spigot-1.20.6-R0.1-SNAPSHOT.jar:4195-a-Spigot-f6a4805-cebb58e]
	at net.minecraft.world.entity.player.EntityHuman.l(EntityHuman.java:281) ~[spigot-1.20.6-R0.1-SNAPSHOT.jar:4195-a-Spigot-f6a4805-cebb58e]
	at net.minecraft.server.level.EntityPlayer.m(EntityPlayer.java:745) ~[spigot-1.20.6-R0.1-SNAPSHOT.jar:4195-a-Spigot-f6a4805-cebb58e]
	at net.minecraft.server.network.PlayerConnection.d(PlayerConnection.java:344) ~[spigot-1.20.6-R0.1-SNAPSHOT.jar:4195-a-Spigot-f6a4805-cebb58e]
	at net.minecraft.network.NetworkManager.b(NetworkManager.java:428) ~[spigot-1.20.6-R0.1-SNAPSHOT.jar:4195-a-Spigot-f6a4805-cebb58e]
	at net.minecraft.server.network.ServerConnection.c(ServerConnection.java:181) ~[spigot-1.20.6-R0.1-SNAPSHOT.jar:4195-a-Spigot-f6a4805-cebb58e]
	at net.minecraft.server.MinecraftServer.b(MinecraftServer.java:1459) ~[spigot-1.20.6-R0.1-SNAPSHOT.jar:4195-a-Spigot-f6a4805-cebb58e]
	at net.minecraft.server.dedicated.DedicatedServer.b(DedicatedServer.java:402) ~[spigot-1.20.6-R0.1-SNAPSHOT.jar:4195-a-Spigot-f6a4805-cebb58e]
	at net.minecraft.server.MinecraftServer.a(MinecraftServer.java:1293) ~[spigot-1.20.6-R0.1-SNAPSHOT.jar:4195-a-Spigot-f6a4805-cebb58e]
	at net.minecraft.server.MinecraftServer.y(MinecraftServer.java:1064) ~[spigot-1.20.6-R0.1-SNAPSHOT.jar:4195-a-Spigot-f6a4805-cebb58e]
	at net.minecraft.server.MinecraftServer.lambda$spin$0(MinecraftServer.java:311) ~[spigot-1.20.6-R0.1-SNAPSHOT.jar:4195-a-Spigot-f6a4805-cebb58e]
	at java.base/java.lang.Thread.run(Thread.java:1570) [?:?]
Caused by: java.lang.IllegalArgumentException: location.world
	at com.google.common.base.Preconditions.checkArgument(Preconditions.java:143) ~[guava-32.1.2-jre.jar:?]
	at org.bukkit.craftbukkit.v1_20_R4.entity.CraftPlayer.teleport(CraftPlayer.java:1014) ~[spigot-1.20.6-R0.1-SNAPSHOT.jar:4195-a-Spigot-f6a4805-cebb58e]
	at org.bukkit.craftbukkit.v1_20_R4.entity.CraftEntity.teleport(CraftEntity.java:188) ~[spigot-1.20.6-R0.1-SNAPSHOT.jar:4195-a-Spigot-f6a4805-cebb58e]
	at fursoy.deneme.LavaYukseliyor.stopGame(LavaYukseliyor.java:281) ~[?:?]
	at fursoy.deneme.LavaYukseliyor.checkForWinner(LavaYukseliyor.java:308) ~[?:?]
	at fursoy.deneme.LavaYukseliyor.onPlayerDeath(LavaYukseliyor.java:149) ~[?:?]
	at java.base/jdk.internal.reflect.DirectMethodHandleAccessor.invoke(DirectMethodHandleAccessor.java:103) ~[?:?]
	at java.base/java.lang.reflect.Method.invoke(Method.java:580) ~[?:?]
	at org.bukkit.plugin.java.JavaPluginLoader$1.execute(JavaPluginLoader.java:306) ~[spigot-api-1.20.6-R0.1-SNAPSHOT.jar:?]
	... 24 more
[14:33:41] [Server thread/INFO]: FURSOY tried to swim in lava
[14:33:47] [Server thread/INFO]: LAlal issued server command: /gamemode survival
[14:33:47] [Server thread/INFO]: [LAlal: Set own game mode to Survival Mode]
[14:33:51] [Server thread/INFO]: FURSOY issued server command: /gamemode creative
[14:33:51] [Server thread/INFO]: [FURSOY: Set own game mode to Creative Mode]
[14:33:53] [Server thread/INFO]: FURSOY issued server command: /gamemode survival
[14:33:53] [Server thread/INFO]: [FURSOY: Set own game mode to Survival Mode]
[14:34:17] [Server thread/INFO]: LAlal issued server command: /hub
[14:34:20] [Server thread/INFO]: LAlal issued server command: /joinoyun
[14:34:20] [Server thread/INFO]: [LavaYukseliyor] Oyun Katılımcıları: 1
[14:34:27] [Server thread/INFO]: LAlal issued server command: /hub
[14:39:40] [Server thread/INFO]: Stopping the server
[14:39:40] [Server thread/INFO]: Stopping server
[14:39:40] [Server thread/INFO]: [LPC] Disabling LPC v3.6.0
[14:39:40] [Server thread/INFO]: [SimpleScore] Disabling SimpleScore v3.12.5
[14:39:40] [Server thread/INFO]: [TAB] Disabling TAB v4.1.6
[14:39:40] [Server thread/INFO]: [TAB] [0;32;1mDisabled in 4ms[m
[14:39:40] [Server thread/INFO]: [SkinsRestorer] Disabling SkinsRestorer v15.4.0
[14:39:40] [Server thread/INFO]: [Citizens] Disabling Citizens v2.0.35-SNAPSHOT (build 3493)
[14:39:40] [Server thread/INFO]: [LuckPerms] Disabling LuckPerms v5.4.137
[14:39:40] [Server thread/INFO]: [PlaceholderAPI] Unregistered placeholder expansion luckperms
[14:39:40] [Server thread/INFO]: [PlaceholderAPI] Reason: required plugin LuckPerms was disabled.
[14:39:40] [Server thread/INFO]: [LuckPerms] Starting shutdown process...
[14:39:40] [Server thread/INFO]: [LuckPerms] Closing storage...
[14:39:40] [Server thread/INFO]: [LuckPerms] Goodbye!
[14:39:40] [Server thread/INFO]: [WorldGuard] Disabling WorldGuard v7.0.10+d9424b1
[14:39:40] [Server thread/INFO]: [WorldGuard] Shutting down executor and cancelling any pending tasks...
[14:39:40] [Server thread/INFO]: [PlaceholderAPI] Disabling PlaceholderAPI v2.11.6
[14:39:40] [Server thread/INFO]: [ViaVersion] Disabling ViaVersion v5.0.2
[14:39:40] [Server thread/INFO]: [ViaVersion] ViaVersion is disabling, if this is a reload and you experience issues consider rebooting.
[14:39:40] [Server thread/INFO]: [WorldEdit] Disabling WorldEdit v7.3.5+6880-8ba3d89
[14:39:40] [Server thread/INFO]: Unregistering com.sk89q.worldedit.bukkit.BukkitServerInterface from WorldEdit
[14:39:40] [Server thread/INFO]: [Hub] Disabling Hub v1.0-SNAPSHOT
[14:39:40] [Server thread/INFO]: [Hub] Hub plugin disabled!
[14:39:40] [Server thread/INFO]: [LavaYukseliyor] Disabling LavaYukseliyor v1.0
[14:39:40] [Server thread/INFO]: [LavaYukseliyor] Lava Yükseliyor plugin devre dışı bırakıldı.
[14:39:40] [Server thread/INFO]: Saving players
[14:39:40] [Server thread/INFO]: FURSOY lost connection: Server closed
[14:39:40] [Server thread/INFO]: FURSOY left the game.
[14:39:40] [Server thread/INFO]: LAlal lost connection: Server closed
[14:39:40] [Server thread/INFO]: LAlal left the game.
[14:39:40] [Server thread/INFO]: Saving worlds
[14:39:42] [Server thread/INFO]: Saving chunks for level 'ServerLevel[lobby]'/minecraft:overworld
[14:39:42] [Server thread/INFO]: Saving chunks for level 'ServerLevel[lobby_nether]'/minecraft:the_nether
[14:39:42] [Server thread/INFO]: Saving chunks for level 'ServerLevel[lobby_the_end]'/minecraft:the_end
[14:39:42] [Server thread/INFO]: Saving chunks for level 'ServerLevel[oyun]'/minecraft:oyun
[14:39:42] [Server thread/INFO]: ThreadedAnvilChunkStorage (lobby): All chunks are saved
[14:39:42] [Server thread/INFO]: ThreadedAnvilChunkStorage (DIM-1): All chunks are saved
[14:39:42] [Server thread/INFO]: ThreadedAnvilChunkStorage (DIM1): All chunks are saved
[14:39:42] [Server thread/INFO]: ThreadedAnvilChunkStorage (oyun): All chunks are saved
[14:39:42] [Server thread/INFO]: ThreadedAnvilChunkStorage: All dimensions are saved
